<?xml version="1.0" encoding="UTF-8"?>
<!-- Generated by org.testng.reporters.JUnitXMLReporter -->
<testsuite ignored="0" hostname="Techs-iMac.local.tld" failures="0" tests="3" name="All Test" time="69.703" errors="0" timestamp="2022-06-07T17:39:15 CDT">
  <testcase classname="scripts.CarsComTest" name="validateSignInForm" time="16.865"/>
  <testcase classname="scripts.CarsComTest" name="validateSignInPageSocialMediaSection" time="14.563"/>
  <testcase classname="scripts.CarsComTest" name="validateErrorMessageForInvalidCredentialsToSignIn" time="17.41"/>
</testsuite> <!-- All Test -->
